e:\программирование\aerohockey\aerohockey\physics\movecalcvs\x64\release\movecalcvs.pch
e:\программирование\aerohockey\aerohockey\physics\movecalcvs\x64\release\vc142.pdb
e:\программирование\aerohockey\aerohockey\physics\movecalcvs\x64\release\pch.obj
e:\программирование\aerohockey\aerohockey\physics\movecalcvs\x64\release\movecalc.obj
e:\программирование\aerohockey\aerohockey\physics\movecalcvs\x64\release\hit.obj
e:\программирование\aerohockey\aerohockey\physics\movecalcvs\x64\release\boost.obj
e:\программирование\aerohockey\aerohockey\physics\movecalcvs\x64\release\movecalcvs.dll
e:\программирование\aerohockey\aerohockey\physics\movecalcvs\x64\release\movecalcvs.pdb
e:\программирование\aerohockey\aerohockey\physics\movecalcvs\x64\release\movecalcvs.lib
e:\программирование\aerohockey\aerohockey\physics\movecalcvs\x64\release\movecalcvs.exp
e:\программирование\aerohockey\aerohockey\physics\movecalcvs\x64\release\movecalcvs.ipdb
e:\программирование\aerohockey\aerohockey\physics\movecalcvs\x64\release\movecalcvs.iobj
e:\программирование\aerohockey\aerohockey\physics\movecalcvs\x64\release\dllmain.obj
e:\программирование\aerohockey\aerohockey\physics\movecalcvs\x64\release\movecalcvs.tlog\cl.command.1.tlog
e:\программирование\aerohockey\aerohockey\physics\movecalcvs\x64\release\movecalcvs.tlog\cl.read.1.tlog
e:\программирование\aerohockey\aerohockey\physics\movecalcvs\x64\release\movecalcvs.tlog\cl.write.1.tlog
e:\программирование\aerohockey\aerohockey\physics\movecalcvs\x64\release\movecalcvs.tlog\link.command.1.tlog
e:\программирование\aerohockey\aerohockey\physics\movecalcvs\x64\release\movecalcvs.tlog\link.delete.1.tlog
e:\программирование\aerohockey\aerohockey\physics\movecalcvs\x64\release\movecalcvs.tlog\link.read.1.tlog
e:\программирование\aerohockey\aerohockey\physics\movecalcvs\x64\release\movecalcvs.tlog\link.write.1.tlog
e:\программирование\aerohockey\aerohockey\physics\movecalcvs\x64\release\movecalcvs.tlog\movecalcvs.write.1u.tlog
